<?xml version="1.0" encoding="UTF-8"?>
<!-- Generated by org.testng.reporters.JUnitReportReporter -->
<testsuite hostname="LAPTOP-O03F5P6F" failures="0" tests="1" name="Selenium.UnitTestingJdBc" time="1.062" errors="0" timestamp="2024-05-03T12:13:04 IST" skipped="0">
  <testcase classname="Selenium.UnitTestingJdBc" name="checkData" time="1.062"/>
  <system-out/>
</testsuite> <!-- Selenium.UnitTestingJdBc -->
