<?xml version="1.0" encoding="UTF-8"?>
<!-- Generated by org.testng.reporters.JUnitReportReporter -->
<testsuite hostname="LAPTOP-O03F5P6F" failures="0" tests="1" name="POMTesting.CreateContactOrgTest" time="15.197" errors="0" timestamp="2024-05-11T10:14:20 IST" skipped="0">
  <testcase classname="POMTesting.CreateContactOrgTest" name="createContactTest" time="15.197"/>
  <system-out>
    <![CDATA[pass]]>
  </system-out>
</testsuite> <!-- POMTesting.CreateContactOrgTest -->
