<?xml version="1.0" encoding="UTF-8"?>
<!-- Generated by org.testng.reporters.JUnitReportReporter -->
<testsuite hostname="LAPTOP-O03F5P6F" failures="0" tests="1" name="Selnium.TestNG_XML" time="9.079" errors="0" timestamp="2024-05-02T13:25:50 IST" skipped="0">
  <testcase classname="Selnium.TestNG_XML" name="test" time="9.079"/>
  <system-out/>
</testsuite> <!-- Selnium.TestNG_XML -->
