<?xml version="1.0" encoding="UTF-8"?>
<!-- Generated by org.testng.reporters.JUnitReportReporter -->
<testsuite hostname="LAPTOP-O03F5P6F" failures="0" tests="1" name="Selnium.Cmd" time="9.706" errors="0" timestamp="2024-05-02T10:24:56 IST" skipped="0">
  <testcase classname="Selnium.Cmd" name="cmd" time="9.706"/>
  <system-out/>
</testsuite> <!-- Selnium.Cmd -->
