<?xml version="1.0" encoding="UTF-8"?>
<!-- Generated by org.testng.reporters.JUnitReportReporter -->
<testsuite hostname="LAPTOP-O03F5P6F" failures="0" tests="1" name="TestNGTest.CreateContactTest" time="29.898" errors="0" timestamp="2024-05-29T12:34:32 IST" skipped="0">
  <testcase classname="TestNGTest.CreateContactTest" name="createContactWithMandatoryInfoTest" time="29.898"/>
  <system-out>
    <![CDATA[pass 1st]]>
  </system-out>
</testsuite> <!-- TestNGTest.CreateContactTest -->
