<?xml version="1.0" encoding="UTF-8"?>
<!-- Generated by org.testng.reporters.JUnitReportReporter -->
<testsuite hostname="LAPTOP-O03F5P6F" failures="0" tests="3" name="TestNG.DataProviderTest" time="0.006" errors="0" timestamp="2024-05-09T13:06:01 IST" skipped="0">
  <testcase classname="TestNG.DataProviderTest" name="createContactTest" time="0.001"/>
  <system-out/>
  <testcase classname="TestNG.DataProviderTest" name="createContactTest" time="0.000"/>
  <system-out/>
  <testcase classname="TestNG.DataProviderTest" name="createContactTest" time="0.005"/>
  <system-out/>
</testsuite> <!-- TestNG.DataProviderTest -->
