<?xml version="1.0" encoding="UTF-8"?>
<!-- Generated by org.testng.reporters.JUnitReportReporter -->
<testsuite hostname="LAPTOP-O03F5P6F" failures="0" tests="1" name="POMTesting.TestRunner" time="0.053" errors="0" timestamp="2024-05-20T16:06:41 IST" skipped="0">
  <testcase classname="POMTesting.TestRunner" name="testRun" time="0.053"/>
  <system-out>
    <![CDATA[2024-06-19]]>
  </system-out>
</testsuite> <!-- POMTesting.TestRunner -->
