<?xml version="1.0" encoding="UTF-8"?>
<!-- Generated by org.testng.reporters.JUnitReportReporter -->
<testsuite hostname="LAPTOP-O03F5P6F" failures="0" tests="1" name="POMTesting.CreateContactDateTest" time="15.104" errors="0" timestamp="2024-05-10T22:43:58 IST" skipped="0">
  <testcase classname="POMTesting.CreateContactDateTest" name="createContactTest" time="15.104"/>
  <system-out>
    <![CDATA[pass]]>
  </system-out>
</testsuite> <!-- POMTesting.CreateContactDateTest -->
