<?xml version="1.0" encoding="UTF-8"?>
<!-- Generated by org.testng.reporters.JUnitReportReporter -->
<testsuite hostname="LAPTOP-O03F5P6F" failures="0" tests="2" name="Selenium.ThreeDArray" time="0.005" errors="0" timestamp="2024-05-11T13:32:10 IST" skipped="0">
  <testcase classname="Selenium.ThreeDArray" name="TRhreeDimationalArray" time="0.001"/>
  <system-out/>
  <testcase classname="Selenium.ThreeDArray" name="TRhreeDimationalArray" time="0.004"/>
  <system-out/>
</testsuite> <!-- Selenium.ThreeDArray -->
